<?xml version="1.0" encoding="UTF-8"?>
<testsuite name="TeamProject.Project.ProjectApplicationTests" tests="1" skipped="0" failures="0" errors="0" timestamp="2023-03-31T01:43:43" hostname="DESKTOP-KFMT8PV" time="0.603">
  <properties/>
  <testcase name="contextLoads()" classname="TeamProject.Project.ProjectApplicationTests" time="0.603"/>
  <system-out><![CDATA[10:43:40.522 [Test worker] DEBUG org.springframework.boot.test.context.SpringBootTestContextBootstrapper -- Neither @ContextConfiguration nor @ContextHierarchy found for test class [ProjectApplicationTests]: using SpringBootContextLoader
10:43:40.528 [Test worker] DEBUG org.springframework.test.context.support.AbstractContextLoader -- Could not detect default resource locations for test class [TeamProject.Project.ProjectApplicationTests]: no resource found for suffixes {-context.xml, Context.groovy}.
10:43:40.529 [Test worker] INFO org.springframework.test.context.support.AnnotationConfigContextLoaderUtils -- Could not detect default configuration classes for test class [TeamProject.Project.ProjectApplicationTests]: ProjectApplicationTests does not declare any static, non-private, non-final, nested classes annotated with @Configuration.
10:43:40.560 [Test worker] DEBUG org.springframework.boot.test.context.SpringBootTestContextBootstrapper -- Using ContextCustomizers for test class [ProjectApplicationTests]: [DisableObservabilityContextCustomizer, PropertyMappingContextCustomizer, Customizer, ExcludeFilterContextCustomizer, DuplicateJsonObjectContextCustomizer, MockitoContextCustomizer, TestRestTemplateContextCustomizer]
10:43:40.662 [Test worker] DEBUG org.springframework.context.annotation.ClassPathScanningCandidateComponentProvider -- Identified candidate component class: file [C:\Users\User\Downloads\OOTD-main\OOTD-main\OOTD\build\classes\java\main\TeamProject\Project\ProjectApplication.class]
10:43:40.664 [Test worker] INFO org.springframework.boot.test.context.SpringBootTestContextBootstrapper -- Found @SpringBootConfiguration TeamProject.Project.ProjectApplication for test class TeamProject.Project.ProjectApplicationTests
10:43:40.842 [Test worker] DEBUG org.springframework.boot.test.context.SpringBootTestContextBootstrapper -- Using TestExecutionListeners for test class [ProjectApplicationTests]: [ServletTestExecutionListener, DirtiesContextBeforeModesTestExecutionListener, ApplicationEventsTestExecutionListener, MockitoTestExecutionListener, DependencyInjectionTestExecutionListener, DirtiesContextTestExecutionListener, TransactionalTestExecutionListener, SqlScriptsTestExecutionListener, EventPublishingTestExecutionListener, RestDocsTestExecutionListener, MockRestServiceServerResetTestExecutionListener, MockMvcPrintOnlyOnFailureTestExecutionListener, WebDriverTestExecutionListener, MockWebServiceServerTestExecutionListener, ResetMocksTestExecutionListener]
10:43:40.844 [Test worker] DEBUG org.springframework.test.context.support.AbstractDirtiesContextTestExecutionListener -- Before test class: class [ProjectApplicationTests], class annotated with @DirtiesContext [false] with mode [null]

  .   ____          _            __ _ _
 /\\ / ___'_ __ _ _(_)_ __  __ _ \ \ \ \
( ( )\___ | '_ | '_| | '_ \/ _` | \ \ \ \
 \\/  ___)| |_)| | | | | || (_| |  ) ) ) )
  '  |____| .__|_| |_|_| |_\__, | / / / /
 =========|_|==============|___/=/_/_/_/
 :: Spring Boot ::                (v3.0.5)

2023-03-31T10:43:41.258+09:00  INFO 66900 --- [    Test worker] T.Project.ProjectApplicationTests        : Starting ProjectApplicationTests using Java 17.0.2 with PID 66900 (started by User in C:\Users\User\Downloads\OOTD-main\OOTD-main\OOTD)
2023-03-31T10:43:41.259+09:00  INFO 66900 --- [    Test worker] T.Project.ProjectApplicationTests        : No active profile set, falling back to 1 default profile: "default"
2023-03-31T10:43:42.802+09:00  INFO 66900 --- [    Test worker] o.s.b.a.w.s.WelcomePageHandlerMapping    : Adding welcome page: class path resource [static/index.html]
2023-03-31T10:43:42.987+09:00  INFO 66900 --- [    Test worker] T.Project.ProjectApplicationTests        : Started ProjectApplicationTests in 2.078 seconds (process running for 3.65)
]]></system-out>
  <system-err><![CDATA[]]></system-err>
</testsuite>
